<?xml version="1.0" encoding="utf-8"?><testsuites name="pytest tests"><testsuite name="pytest" errors="0" failures="0" skipped="0" tests="10" time="1.986" timestamp="2026-05-23T12:39:12.782075+00:00" hostname="agent-env-e36ebaed-13e0-42b6-963f-607f6ce68211"><testcase classname="backend.tests.test_mp3_converter.TestHealth" name="test_root" time="0.156" /><testcase classname="backend.tests.test_mp3_converter.TestConvertValidation" name="test_empty_url" time="0.046" /><testcase classname="backend.tests.test_mp3_converter.TestConvertValidation" name="test_invalid_url" time="0.044" /><testcase classname="backend.tests.test_mp3_converter.TestConvertFlow" name="test_convert_direct_audio" time="0.464" /><testcase classname="backend.tests.test_mp3_converter.TestServerConstants" name="test_constants_and_storage" time="0.282" /><testcase classname="backend.tests.test_mp3_converter.TestServerConstants" name="test_file_lands_in_storage_dir" time="0.000" /><testcase classname="backend.tests.test_mp3_converter.TestServerConstants" name="test_list_excludes_object_id" time="0.049" /><testcase classname="backend.tests.test_mp3_converter.TestServerConstants" name="test_get_file_streams_mp3" time="0.054" /><testcase classname="backend.tests.test_mp3_converter.TestServerConstants" name="test_get_file_unknown_404" time="0.104" /><testcase classname="backend.tests.test_mp3_converter.TestDelete" name="test_delete_removes_record_and_file" time="0.706" /></testsuite></testsuites>