<?xml version="1.0" encoding="utf-8"?><testsuites name="pytest tests"><testsuite name="pytest" errors="0" failures="0" skipped="0" tests="10" time="2.117" timestamp="2026-05-23T12:50:58.917124+00:00" hostname="agent-env-e36ebaed-13e0-42b6-963f-607f6ce68211"><testcase classname="backend.tests.test_mp3_converter.TestHealth" name="test_root" time="0.228" /><testcase classname="backend.tests.test_mp3_converter.TestConvertValidation" name="test_empty_url" time="0.046" /><testcase classname="backend.tests.test_mp3_converter.TestConvertValidation" name="test_invalid_url" time="0.050" /><testcase classname="backend.tests.test_mp3_converter.TestConvertFlow" name="test_convert_direct_audio" time="0.508" /><testcase classname="backend.tests.test_mp3_converter.TestServerConstants" name="test_constants_and_storage" time="0.290" /><testcase classname="backend.tests.test_mp3_converter.TestServerConstants" name="test_file_lands_in_storage_dir" time="0.000" /><testcase classname="backend.tests.test_mp3_converter.TestServerConstants" name="test_list_excludes_object_id" time="0.050" /><testcase classname="backend.tests.test_mp3_converter.TestServerConstants" name="test_get_file_streams_mp3" time="0.045" /><testcase classname="backend.tests.test_mp3_converter.TestServerConstants" name="test_get_file_unknown_404" time="0.128" /><testcase classname="backend.tests.test_mp3_converter.TestDelete" name="test_delete_removes_record_and_file" time="0.710" /></testsuite></testsuites>